Using pre-set license
Built from '2020.3/staging' branch; Version is '2020.3.14f1 (d0d1bb862f9d) revision 13685179'; Using compiler version '192528614'; Build Type 'Release'
OS: 'Windows 10 Pro; OS build 18363.418; Version 1909; 64bit' Language: 'es' Physical Memory: 16342 MB
BatchMode: 1, IsHumanControllingUs: 0, StartBugReporterOnCrash: 0, Is64bit: 1, IsPro: 0

 COMMAND LINE ARGUMENTS:
C:\Program Files\Unity\Hub\Editor\2020.3.14f1\Editor\Unity.exe
-adb2
-batchMode
-noUpm
-name
AssetImportWorker0
-projectPath
D:/Antony/Desarrollo/Unity/3D/UnityLEARNING/Unit_3/Challenge 3_Balloons_Bombs_ Booleans/Challenge 3 Balloons _ Bombs
-logFile
Logs/AssetImportWorker0.log
-srvPort
55304
Successfully changed project path to: D:/Antony/Desarrollo/Unity/3D/UnityLEARNING/Unit_3/Challenge 3_Balloons_Bombs_ Booleans/Challenge 3 Balloons _ Bombs
D:/Antony/Desarrollo/Unity/3D/UnityLEARNING/Unit_3/Challenge 3_Balloons_Bombs_ Booleans/Challenge 3 Balloons _ Bombs
Using Asset Import Pipeline V2.
